<?xml version="1.0" encoding="UTF-8"?>
<testsuites>
  <testsuite name="CodeIgniter Application Test Suite" tests="2" assertions="2" failures="0" errors="0" time="0.662159">
    <testsuite name="LoginTest" file="/Library/WebServer/Documents/student-advisor/application/tests/controllers/LoginTest.php" tests="2" assertions="2" failures="0" errors="0" time="0.662159">
      <testcase name="testFailedLogin" class="LoginTest" file="/Library/WebServer/Documents/student-advisor/application/tests/controllers/LoginTest.php" line="6" assertions="1" time="0.335854"/>
      <testcase name="testAcceptLogin" class="LoginTest" file="/Library/WebServer/Documents/student-advisor/application/tests/controllers/LoginTest.php" line="13" assertions="1" time="0.326305"/>
    </testsuite>
  </testsuite>
</testsuites>
